# JRE version: OpenJDK Runtime Environment Temurin-21.0.10+7 (21.0.10+7) (build 21.0.10+7-LTS)
# Java VM: OpenJDK 64-Bit Server VM Temurin-21.0.10+7 (21.0.10+7-LTS, mixed mode, sharing, tiered, compressed oops, compressed class ptrs, parallel gc, windows-amd64)
GC Precious Log:
 CardTable entry size: 512
 CPUs: 12 total, 12 available
 Memory: 7914M
 Large Page Support: Disabled
 NUMA Support: Disabled
 Compressed Oops: Enabled (32-bit)
 Alignments: Space 512K, Generation 512K, Heap 2M
 Heap Min Capacity: 100M
 Heap Initial Capacity: 100M
 Heap Max Capacity: 2G
 Pre-touch: Disabled
 Parallel Workers: 10
Heap:
 PSYoungGen      total 18944K, used 3779K [0x00000000d5580000, 0x00000000d6a80000, 0x0000000100000000)
  eden space 18432K, 18% used [0x00000000d5580000,0x00000000d58d8fc8,0x00000000d6780000)
  from space 512K, 68% used [0x00000000d6a00000,0x00000000d6a58000,0x00000000d6a80000)
  to   space 512K, 0% used [0x00000000d6980000,0x00000000d6980000,0x00000000d6a00000)
 ParOldGen       total 214016K, used 124926K [0x0000000080000000, 0x000000008d100000, 0x00000000d5580000)
  object space 214016K, 58% used [0x0000000080000000,0x00000000879ffa00,0x000000008d100000)
 Metaspace       used 67780K, committed 69312K, reserved 1114112K
  class space    used 7908K, committed 8576K, reserved 1048576K
GC Heap History (20 events):
Event: 159.543 GC heap before
{Heap before GC invocations=252 (full 3):
 PSYoungGen      total 19456K, used 18976K [0x00000000d5580000, 0x00000000d6980000, 0x0000000100000000)
  eden space 18432K, 100% used [0x00000000d5580000,0x00000000d6780000,0x00000000d6780000)
  from space 1024K, 53% used [0x00000000d6880000,0x00000000d6908000,0x00000000d6980000)
  to   space 1024K, 0% used [0x00000000d6780000,0x00000000d6780000,0x00000000d6880000)
 ParOldGen       total 214016K, used 119079K [0x0000000080000000, 0x000000008d100000, 0x00000000d5580000)
  object space 214016K, 55% used [0x0000000080000000,0x0000000087449c50,0x000000008d100000)
 Metaspace       used 67585K, committed 69056K, reserved 1114112K
  class space    used 7889K, committed 8512K, reserved 1048576K
}
Event: 159.546 GC heap after
{Heap after GC invocations=252 (full 3):
 PSYoungGen      total 19456K, used 512K [0x00000000d5580000, 0x00000000d6980000, 0x0000000100000000)
  eden space 18432K, 0% used [0x00000000d5580000,0x00000000d5580000,0x00000000d6780000)
  from space 1024K, 50% used [0x00000000d6780000,0x00000000d6800000,0x00000000d6880000)
  to   space 1024K, 0% used [0x00000000d6880000,0x00000000d6880000,0x00000000d6980000)
 ParOldGen       total 214016K, used 119511K [0x0000000080000000, 0x000000008d100000, 0x00000000d5580000)
  object space 214016K, 55% used [0x0000000080000000,0x00000000874b5c50,0x000000008d100000)
 Metaspace       used 67585K, committed 69056K, reserved 1114112K
  class space    used 7889K, committed 8512K, reserved 1048576K
}
Event: 159.602 GC heap before
{Heap before GC invocations=253 (full 3):
 PSYoungGen      total 19456K, used 18944K [0x00000000d5580000, 0x00000000d6980000, 0x0000000100000000)
  eden space 18432K, 100% used [0x00000000d5580000,0x00000000d6780000,0x00000000d6780000)
  from space 1024K, 50% used [0x00000000d6780000,0x00000000d6800000,0x00000000d6880000)
  to   space 1024K, 0% used [0x00000000d6880000,0x00000000d6880000,0x00000000d6980000)
 ParOldGen       total 214016K, used 119511K [0x0000000080000000, 0x000000008d100000, 0x00000000d5580000)
  object space 214016K, 55% used [0x0000000080000000,0x00000000874b5c50,0x000000008d100000)
 Metaspace       used 67585K, committed 69056K, reserved 1114112K
  class space    used 7889K, committed 8512K, reserved 1048576K
}
Event: 159.605 GC heap after
{Heap after GC invocations=253 (full 3):
 PSYoungGen      total 19456K, used 512K [0x00000000d5580000, 0x00000000d6980000, 0x0000000100000000)
  eden space 18432K, 0% used [0x00000000d5580000,0x00000000d5580000,0x00000000d6780000)
  from space 1024K, 50% used [0x00000000d6880000,0x00000000d6900000,0x00000000d6980000)
  to   space 1024K, 0% used [0x00000000d6780000,0x00000000d6780000,0x00000000d6880000)
 ParOldGen       total 214016K, used 119959K [0x0000000080000000, 0x000000008d100000, 0x00000000d5580000)
  object space 214016K, 56% used [0x0000000080000000,0x0000000087525c50,0x000000008d100000)
 Metaspace       used 67585K, committed 69056K, reserved 1114112K
  class space    used 7889K, committed 8512K, reserved 1048576K
}
Event: 159.661 GC heap before
{Heap before GC invocations=254 (full 3):
 PSYoungGen      total 19456K, used 18944K [0x00000000d5580000, 0x00000000d6980000, 0x0000000100000000)
  eden space 18432K, 100% used [0x00000000d5580000,0x00000000d6780000,0x00000000d6780000)
  from space 1024K, 50% used [0x00000000d6880000,0x00000000d6900000,0x00000000d6980000)
  to   space 1024K, 0% used [0x00000000d6780000,0x00000000d6780000,0x00000000d6880000)
 ParOldGen       total 214016K, used 119959K [0x0000000080000000, 0x000000008d100000, 0x00000000d5580000)
  object space 214016K, 56% used [0x0000000080000000,0x0000000087525c50,0x000000008d100000)
 Metaspace       used 67585K, committed 69056K, reserved 1114112K
  class space    used 7889K, committed 8512K, reserved 1048576K
}
Event: 159.665 GC heap after
{Heap after GC invocations=254 (full 3):
 PSYoungGen      total 19456K, used 544K [0x00000000d5580000, 0x00000000d6980000, 0x0000000100000000)
  eden space 18432K, 0% used [0x00000000d5580000,0x00000000d5580000,0x00000000d6780000)
  from space 1024K, 53% used [0x00000000d6780000,0x00000000d6808000,0x00000000d6880000)
  to   space 1024K, 0% used [0x00000000d6880000,0x00000000d6880000,0x00000000d6980000)
 ParOldGen       total 214016K, used 120334K [0x0000000080000000, 0x000000008d100000, 0x00000000d5580000)
  object space 214016K, 56% used [0x0000000080000000,0x0000000087583950,0x000000008d100000)
 Metaspace       used 67585K, committed 69056K, reserved 1114112K
  class space    used 7889K, committed 8512K, reserved 1048576K
}
Event: 159.722 GC heap before
{Heap before GC invocations=255 (full 3):
 PSYoungGen      total 19456K, used 18976K [0x00000000d5580000, 0x00000000d6980000, 0x0000000100000000)
  eden space 18432K, 100% used [0x00000000d5580000,0x00000000d6780000,0x00000000d6780000)
  from space 1024K, 53% used [0x00000000d6780000,0x00000000d6808000,0x00000000d6880000)
  to   space 1024K, 0% used [0x00000000d6880000,0x00000000d6880000,0x00000000d6980000)
 ParOldGen       total 214016K, used 120334K [0x0000000080000000, 0x000000008d100000, 0x00000000d5580000)
  object space 214016K, 56% used [0x0000000080000000,0x0000000087583950,0x000000008d100000)
 Metaspace       used 67585K, committed 69056K, reserved 1114112K
  class space    used 7889K, committed 8512K, reserved 1048576K
}
Event: 159.725 GC heap after
{Heap after GC invocations=255 (full 3):
 PSYoungGen      total 19456K, used 576K [0x00000000d5580000, 0x00000000d6980000, 0x0000000100000000)
  eden space 18432K, 0% used [0x00000000d5580000,0x00000000d5580000,0x00000000d6780000)
  from space 1024K, 56% used [0x00000000d6880000,0x00000000d6910000,0x00000000d6980000)
  to   space 1024K, 0% used [0x00000000d6780000,0x00000000d6780000,0x00000000d6880000)
 ParOldGen       total 214016K, used 120790K [0x0000000080000000, 0x000000008d100000, 0x00000000d5580000)
  object space 214016K, 56% used [0x0000000080000000,0x00000000875f5960,0x000000008d100000)
 Metaspace       used 67585K, committed 69056K, reserved 1114112K
  class space    used 7889K, committed 8512K, reserved 1048576K
}
Event: 159.784 GC heap before
{Heap before GC invocations=256 (full 3):
 PSYoungGen      total 19456K, used 19008K [0x00000000d5580000, 0x00000000d6980000, 0x0000000100000000)
  eden space 18432K, 100% used [0x00000000d5580000,0x00000000d6780000,0x00000000d6780000)
  from space 1024K, 56% used [0x00000000d6880000,0x00000000d6910000,0x00000000d6980000)
  to   space 1024K, 0% used [0x00000000d6780000,0x00000000d6780000,0x00000000d6880000)
 ParOldGen       total 214016K, used 120790K [0x0000000080000000, 0x000000008d100000, 0x00000000d5580000)
  object space 214016K, 56% used [0x0000000080000000,0x00000000875f5960,0x000000008d100000)
 Metaspace       used 67585K, committed 69056K, reserved 1114112K
  class space    used 7889K, committed 8512K, reserved 1048576K
}
Event: 159.788 GC heap after
{Heap after GC invocations=256 (full 3):
 PSYoungGen      total 19456K, used 608K [0x00000000d5580000, 0x00000000d6980000, 0x0000000100000000)
  eden space 18432K, 0% used [0x00000000d5580000,0x00000000d5580000,0x00000000d6780000)
  from space 1024K, 59% used [0x00000000d6780000,0x00000000d6818000,0x00000000d6880000)
  to   space 1024K, 0% used [0x00000000d6880000,0x00000000d6880000,0x00000000d6980000)
 ParOldGen       total 214016K, used 121267K [0x0000000080000000, 0x000000008d100000, 0x00000000d5580000)
  object space 214016K, 56% used [0x0000000080000000,0x000000008766ccb8,0x000000008d100000)
 Metaspace       used 67585K, committed 69056K, reserved 1114112K
  class space    used 7889K, committed 8512K, reserved 1048576K
}
Event: 159.848 GC heap before
{Heap before GC invocations=257 (full 3):
 PSYoungGen      total 19456K, used 19040K [0x00000000d5580000, 0x00000000d6980000, 0x0000000100000000)
  eden space 18432K, 100% used [0x00000000d5580000,0x00000000d6780000,0x00000000d6780000)
  from space 1024K, 59% used [0x00000000d6780000,0x00000000d6818000,0x00000000d6880000)
  to   space 1024K, 0% used [0x00000000d6880000,0x00000000d6880000,0x00000000d6980000)
 ParOldGen       total 214016K, used 121267K [0x0000000080000000, 0x000000008d100000, 0x00000000d5580000)
  object space 214016K, 56% used [0x0000000080000000,0x000000008766ccb8,0x000000008d100000)
 Metaspace       used 67585K, committed 69056K, reserved 1114112K
  class space    used 7889K, committed 8512K, reserved 1048576K
}
Event: 159.852 GC heap after
{Heap after GC invocations=257 (full 3):
 PSYoungGen      total 19456K, used 512K [0x00000000d5580000, 0x00000000d6980000, 0x0000000100000000)
  eden space 18432K, 0% used [0x00000000d5580000,0x00000000d5580000,0x00000000d6780000)
  from space 1024K, 50% used [0x00000000d6880000,0x00000000d6900000,0x00000000d6980000)
  to   space 1024K, 0% used [0x00000000d6780000,0x00000000d6780000,0x00000000d6880000)
 ParOldGen       total 214016K, used 121787K [0x0000000080000000, 0x000000008d100000, 0x00000000d5580000)
  object space 214016K, 56% used [0x0000000080000000,0x00000000876eecb8,0x000000008d100000)
 Metaspace       used 67585K, committed 69056K, reserved 1114112K
  class space    used 7889K, committed 8512K, reserved 1048576K
}
Event: 159.993 GC heap before
{Heap before GC invocations=258 (full 3):
 PSYoungGen      total 19456K, used 18944K [0x00000000d5580000, 0x00000000d6980000, 0x0000000100000000)
  eden space 18432K, 100% used [0x00000000d5580000,0x00000000d6780000,0x00000000d6780000)
  from space 1024K, 50% used [0x00000000d6880000,0x00000000d6900000,0x00000000d6980000)
  to   space 1024K, 0% used [0x00000000d6780000,0x00000000d6780000,0x00000000d6880000)
 ParOldGen       total 214016K, used 121787K [0x0000000080000000, 0x000000008d100000, 0x00000000d5580000)
  object space 214016K, 56% used [0x0000000080000000,0x00000000876eecb8,0x000000008d100000)
 Metaspace       used 67585K, committed 69056K, reserved 1114112K
  class space    used 7889K, committed 8512K, reserved 1048576K
}
Event: 159.999 GC heap after
{Heap after GC invocations=258 (full 3):
 PSYoungGen      total 19456K, used 1024K [0x00000000d5580000, 0x00000000d6d80000, 0x0000000100000000)
  eden space 18432K, 0% used [0x00000000d5580000,0x00000000d5580000,0x00000000d6780000)
  from space 1024K, 100% used [0x00000000d6780000,0x00000000d6880000,0x00000000d6880000)
  to   space 3072K, 0% used [0x00000000d6a80000,0x00000000d6a80000,0x00000000d6d80000)
 ParOldGen       total 214016K, used 123346K [0x0000000080000000, 0x000000008d100000, 0x00000000d5580000)
  object space 214016K, 57% used [0x0000000080000000,0x0000000087874890,0x000000008d100000)
 Metaspace       used 67585K, committed 69056K, reserved 1114112K
  class space    used 7889K, committed 8512K, reserved 1048576K
}
Event: 160.037 GC heap before
{Heap before GC invocations=259 (full 3):
 PSYoungGen      total 19456K, used 19456K [0x00000000d5580000, 0x00000000d6d80000, 0x0000000100000000)
  eden space 18432K, 100% used [0x00000000d5580000,0x00000000d6780000,0x00000000d6780000)
  from space 1024K, 100% used [0x00000000d6780000,0x00000000d6880000,0x00000000d6880000)
  to   space 3072K, 0% used [0x00000000d6a80000,0x00000000d6a80000,0x00000000d6d80000)
 ParOldGen       total 214016K, used 123346K [0x0000000080000000, 0x000000008d100000, 0x00000000d5580000)
  object space 214016K, 57% used [0x0000000080000000,0x0000000087874890,0x000000008d100000)
 Metaspace       used 67585K, committed 69056K, reserved 1114112K
  class space    used 7889K, committed 8512K, reserved 1048576K
}
Event: 160.041 GC heap after
{Heap after GC invocations=259 (full 3):
 PSYoungGen      total 19456K, used 840K [0x00000000d5580000, 0x00000000d6b80000, 0x0000000100000000)
  eden space 18432K, 0% used [0x00000000d5580000,0x00000000d5580000,0x00000000d6780000)
  from space 1024K, 82% used [0x00000000d6a80000,0x00000000d6b52050,0x00000000d6b80000)
  to   space 1536K, 0% used [0x00000000d6880000,0x00000000d6880000,0x00000000d6a00000)
 ParOldGen       total 214016K, used 124410K [0x0000000080000000, 0x000000008d100000, 0x00000000d5580000)
  object space 214016K, 58% used [0x0000000080000000,0x000000008797e890,0x000000008d100000)
 Metaspace       used 67585K, committed 69056K, reserved 1114112K
  class space    used 7889K, committed 8512K, reserved 1048576K
}
Event: 160.080 GC heap before
{Heap before GC invocations=260 (full 3):
 PSYoungGen      total 19456K, used 19272K [0x00000000d5580000, 0x00000000d6b80000, 0x0000000100000000)
  eden space 18432K, 100% used [0x00000000d5580000,0x00000000d6780000,0x00000000d6780000)
  from space 1024K, 82% used [0x00000000d6a80000,0x00000000d6b52050,0x00000000d6b80000)
  to   space 1536K, 0% used [0x00000000d6880000,0x00000000d6880000,0x00000000d6a00000)
 ParOldGen       total 214016K, used 124410K [0x0000000080000000, 0x000000008d100000, 0x00000000d5580000)
  object space 214016K, 58% used [0x0000000080000000,0x000000008797e890,0x000000008d100000)
 Metaspace       used 67585K, committed 69056K, reserved 1114112K
  class space    used 7889K, committed 8512K, reserved 1048576K
}
Event: 160.082 GC heap after
{Heap after GC invocations=260 (full 3):
 PSYoungGen      total 19968K, used 416K [0x00000000d5580000, 0x00000000d6b00000, 0x0000000100000000)
  eden space 18432K, 0% used [0x00000000d5580000,0x00000000d5580000,0x00000000d6780000)
  from space 1536K, 27% used [0x00000000d6880000,0x00000000d68e8000,0x00000000d6a00000)
  to   space 1024K, 0% used [0x00000000d6a00000,0x00000000d6a00000,0x00000000d6b00000)
 ParOldGen       total 214016K, used 124838K [0x0000000080000000, 0x000000008d100000, 0x00000000d5580000)
  object space 214016K, 58% used [0x0000000080000000,0x00000000879e9a00,0x000000008d100000)
 Metaspace       used 67585K, committed 69056K, reserved 1114112K
  class space    used 7889K, committed 8512K, reserved 1048576K
}
Event: 160.168 GC heap before
{Heap before GC invocations=261 (full 3):
 PSYoungGen      total 19968K, used 18848K [0x00000000d5580000, 0x00000000d6b00000, 0x0000000100000000)
  eden space 18432K, 100% used [0x00000000d5580000,0x00000000d6780000,0x00000000d6780000)
  from space 1536K, 27% used [0x00000000d6880000,0x00000000d68e8000,0x00000000d6a00000)
  to   space 1024K, 0% used [0x00000000d6a00000,0x00000000d6a00000,0x00000000d6b00000)
 ParOldGen       total 214016K, used 124838K [0x0000000080000000, 0x000000008d100000, 0x00000000d5580000)
  object space 214016K, 58% used [0x0000000080000000,0x00000000879e9a00,0x000000008d100000)
 Metaspace       used 67667K, committed 69184K, reserved 1114112K
  class space    used 7901K, committed 8576K, reserved 1048576K
}
Event: 160.169 GC heap after
{Heap after GC invocations=261 (full 3):
 PSYoungGen      total 18944K, used 352K [0x00000000d5580000, 0x00000000d6a80000, 0x0000000100000000)
  eden space 18432K, 0% used [0x00000000d5580000,0x00000000d5580000,0x00000000d6780000)
  from space 512K, 68% used [0x00000000d6a00000,0x00000000d6a58000,0x00000000d6a80000)
  to   space 512K, 0% used [0x00000000d6980000,0x00000000d6980000,0x00000000d6a00000)
 ParOldGen       total 214016K, used 124926K [0x0000000080000000, 0x000000008d100000, 0x00000000d5580000)
  object space 214016K, 58% used [0x0000000080000000,0x00000000879ffa00,0x000000008d100000)
 Metaspace       used 67667K, committed 69184K, reserved 1114112K
  class space    used 7901K, committed 8576K, reserved 1048576K
}

